-------------------------------------------------------------------------------
Test set: TestSuite
-------------------------------------------------------------------------------
Tests run: 5, Failures: 5, Errors: 0, Skipped: 0, Time elapsed: 45.572 sec <<< FAILURE!
verifyUserLogin1(com.ms.smoke.LoginPageTest)  Time elapsed: 0.557 sec  <<< FAILURE!
java.lang.AssertionError: expected [Invalid email or password.1] but found []
	at org.testng.Assert.fail(Assert.java:99)
	at org.testng.Assert.failNotEquals(Assert.java:1037)
	at org.testng.Assert.assertEqualsImpl(Assert.java:140)
	at org.testng.Assert.assertEquals(Assert.java:122)
	at org.testng.Assert.assertEquals(Assert.java:629)
	at org.testng.Assert.assertEquals(Assert.java:639)
	at com.ms.smoke.LoginPageTest.verifyUserLogin1(LoginPageTest.java:42)

verifyUserLogin2(com.ms.smoke.LoginPageTest)  Time elapsed: 0.423 sec  <<< FAILURE!
java.lang.AssertionError: expected [Invalid email or password.] but found []
	at org.testng.Assert.fail(Assert.java:99)
	at org.testng.Assert.failNotEquals(Assert.java:1037)
	at org.testng.Assert.assertEqualsImpl(Assert.java:140)
	at org.testng.Assert.assertEquals(Assert.java:122)
	at org.testng.Assert.assertEquals(Assert.java:629)
	at org.testng.Assert.assertEquals(Assert.java:639)
	at com.ms.smoke.LoginPageTest.verifyUserLogin2(LoginPageTest.java:63)

verifyUserLogin3(com.ms.smoke.LoginPageTest)  Time elapsed: 0.399 sec  <<< FAILURE!
java.lang.AssertionError: expected [Invalid email or password.1] but found []
	at org.testng.Assert.fail(Assert.java:99)
	at org.testng.Assert.failNotEquals(Assert.java:1037)
	at org.testng.Assert.assertEqualsImpl(Assert.java:140)
	at org.testng.Assert.assertEquals(Assert.java:122)
	at org.testng.Assert.assertEquals(Assert.java:629)
	at org.testng.Assert.assertEquals(Assert.java:639)
	at com.ms.smoke.LoginPageTest.verifyUserLogin3(LoginPageTest.java:83)

verifyUserLogin4(com.ms.smoke.LoginPageTest)  Time elapsed: 0.375 sec  <<< FAILURE!
java.lang.AssertionError: expected [Invalid email or password.] but found []
	at org.testng.Assert.fail(Assert.java:99)
	at org.testng.Assert.failNotEquals(Assert.java:1037)
	at org.testng.Assert.assertEqualsImpl(Assert.java:140)
	at org.testng.Assert.assertEquals(Assert.java:122)
	at org.testng.Assert.assertEquals(Assert.java:629)
	at org.testng.Assert.assertEquals(Assert.java:639)
	at com.ms.smoke.LoginPageTest.verifyUserLogin4(LoginPageTest.java:103)

verifyUserLogin5(com.ms.smoke.LoginPageTest)  Time elapsed: 0.422 sec  <<< FAILURE!
java.lang.AssertionError: expected [Invalid email or password.] but found []
	at org.testng.Assert.fail(Assert.java:99)
	at org.testng.Assert.failNotEquals(Assert.java:1037)
	at org.testng.Assert.assertEqualsImpl(Assert.java:140)
	at org.testng.Assert.assertEquals(Assert.java:122)
	at org.testng.Assert.assertEquals(Assert.java:629)
	at org.testng.Assert.assertEquals(Assert.java:639)
	at com.ms.smoke.LoginPageTest.verifyUserLogin5(LoginPageTest.java:123)

